<?xml version="1.0" encoding="UTF-8" ?>
<testsuite tests="7" failures="0" name="com.webapp.knowlin.services.BuildingServiceImplTest" time="2.759" errors="0" skipped="6">
  <properties>
[...]
</properties>
  <testcase classname="com.webapp.knowlin.services.BuildingServiceImplTest" name="editBuildingTest" time="0.001">
    <skipped message="Test need to be refactored to leverage mock objects instead of the database."/>
    <system-err>Nov 06, 2016 1:21:49 AM org.springframework.test.context.support.DefaultTestContextBootstrapper getDefaultTestExecutionListenerClassNames
INFO: Loaded default TestExecutionListener class names from location [META-INF/spring.factories]: [org.springframework.test.context.web.ServletTestExecutionListener, org.springframework.test.context.support.DirtiesContextBeforeModesTestExecutionListener, org.springframework.test.context.support.DependencyInjectionTestExecutionListener, org.springframework.test.context.support.DirtiesContextTestExecutionListener, org.springframework.test.context.transaction.TransactionalTestExecutionListener, org.springframework.test.context.jdbc.SqlScriptsTestExecutionListener]
Nov 06, 2016 1:21:49 AM org.springframework.test.context.support.DefaultTestContextBootstrapper instantiateListeners
INFO: Could not instantiate TestExecutionListener [org.springframework.test.context.web.ServletTestExecutionListener]. Specify custom listener classes or make the default listener classes (and their required dependencies) available. Offending class: [javax/servlet/ServletContext]
Nov 06, 2016 1:21:49 AM org.springframework.test.context.support.DefaultTestContextBootstrapper getTestExecutionListeners
INFO: Using TestExecutionListeners: [org.springframework.test.context.support.DirtiesContextBeforeModesTestExecutionListener@78e4deb0, org.springframework.test.context.support.DependencyInjectionTestExecutionListener@6e9175d8, org.springframework.test.context.support.DirtiesContextTestExecutionListener@7d0b7e3c, org.springframework.test.context.transaction.TransactionalTestExecutionListener@15bb5034, org.springframework.test.context.jdbc.SqlScriptsTestExecutionListener@4b741d6d]
</system-err>
  </testcase>
  <testcase classname="com.webapp.knowlin.services.BuildingServiceImplTest" name="getAllBuildingTest" time="0.002">
    <skipped message="Test need to be refactored to leverage mock objects instead of the database."/>
  </testcase>
  <testcase classname="com.webapp.knowlin.services.BuildingServiceImplTest" name="updateBuildingStatusTest" time="0.01">
    <skipped message="Test need to be refactored to leverage mock objects instead of the database."/>
  </testcase>
  <testcase classname="com.webapp.knowlin.services.BuildingServiceImplTest" name="getBuildingTest" time="0.01">
    <skipped message="Test need to be refactored to leverage mock objects instead of the database."/>
  </testcase>
  <testcase classname="com.webapp.knowlin.services.BuildingServiceImplTest" name="createBuildingFailTest" time="0.912"/>
  <testcase classname="com.webapp.knowlin.services.BuildingServiceImplTest" name="createBuildingTest" time="0.912">
    <skipped message="Test need to be refactored to leverage mock objects instead of the database."/>
  </testcase>
  <testcase classname="com.webapp.knowlin.services.BuildingServiceImplTest" name="removeBuildingTest" time="0.912">
    <skipped message="Test need to be refactored to leverage mock objects instead of the database."/>
  </testcase>
</testsuite>